This file contains any messages produced by compilers while
running configure, to aid debugging if configure makes a mistake.

It was created by configure, which was
generated by GNU Autoconf 2.68.  Invocation command line was

  $ ./configure 

## --------- ##
## Platform. ##
## --------- ##

hostname = 31-35-123.wireless.csail.mit.edu
uname -m = x86_64
uname -r = 14.5.0
uname -s = Darwin
uname -v = Darwin Kernel Version 14.5.0: Wed Jul 29 02:26:53 PDT 2015; root:xnu-2782.40.9~1/RELEASE_X86_64

/usr/bin/uname -p = i386
/bin/uname -X     = unknown

/bin/arch              = unknown
/usr/bin/arch -k       = unknown
/usr/convex/getsysinfo = unknown
/usr/bin/hostinfo      = Mach kernel version:
	 Darwin Kernel Version 14.5.0: Wed Jul 29 02:26:53 PDT 2015; root:xnu-2782.40.9~1/RELEASE_X86_64
Kernel configured for up to 8 processors.
4 processors are physically available.
8 processors are logically available.
Processor type: x86_64h (Intel x86-64h Haswell)
Processors active: 0 1 2 3 4 5 6 7
Primary memory available: 8.00 gigabytes
Default processor set: 237 tasks, 1210 threads, 8 processors
Load average: 1.29, Mach factor: 6.70
/bin/machine           = unknown
/usr/bin/oslevel       = unknown
/bin/universe          = unknown

PATH: /Users/danielzuo/perl5/perlbrew/bin
PATH: /Users/danielzuo/perl5/perlbrew/perls/perl-5.16.0/bin
PATH: /usr/local/bin
PATH: /usr/bin
PATH: /bin
PATH: /usr/sbin
PATH: /sbin
PATH: /opt/X11/bin
PATH: /usr/local/git/bin
PATH: /usr/local/go/bin
PATH: /usr/texbin
PATH: /Users/danielzuo/Documents/urop/spring16/ns2.35-datacenter-refactor/allinone/ns-allinone-2.35/bin
PATH: /Users/danielzuo/Documents/urop/spring16/ns2.35-datacenter-refactor/allinone/ns-allinone-2.35/tcl8.5.10/unix
PATH: /Users/danielzuo/Documents/urop/spring16/ns2.35-datacenter-refactor/allinone/ns-allinone-2.35/tk8.5.10/unix


## ----------- ##
## Core tests. ##
## ----------- ##

configure:2498: checking for gcc
configure:2514: found /usr/bin/gcc
configure:2525: result: gcc
configure:2754: checking for C compiler version
configure:2763: gcc --version >&5
Apple LLVM version 7.0.2 (clang-700.1.81)
Target: x86_64-apple-darwin14.5.0
Thread model: posix
Configured with: --prefix=/Applications/Xcode.app/Contents/Developer/usr --with-gxx-include-dir=/usr/include/c++/4.2.1
configure:2774: $? = 0
configure:2763: gcc -v >&5
Configured with: --prefix=/Applications/Xcode.app/Contents/Developer/usr --with-gxx-include-dir=/usr/include/c++/4.2.1
Apple LLVM version 7.0.2 (clang-700.1.81)
Target: x86_64-apple-darwin14.5.0
Thread model: posix
configure:2774: $? = 0
configure:2763: gcc -V >&5
clang: error: argument to '-V' is missing (expected 1 value)
clang: error: no input files
configure:2774: $? = 1
configure:2763: gcc -qversion >&5
clang: error: unknown argument: '-qversion'
clang: error: no input files
configure:2774: $? = 1
configure:2794: checking whether the C compiler works
configure:2816: gcc    conftest.c  >&5
configure:2820: $? = 0
configure:2868: result: yes
configure:2871: checking for C compiler default output file name
configure:2873: result: a.out
configure:2879: checking for suffix of executables
configure:2886: gcc -o conftest    conftest.c  >&5
configure:2890: $? = 0
configure:2912: result: 
configure:2934: checking whether we are cross compiling
configure:2942: gcc -o conftest    conftest.c  >&5
configure:2946: $? = 0
configure:2953: ./conftest
configure:2957: $? = 0
configure:2972: result: no
configure:2977: checking for suffix of object files
configure:2999: gcc -c   conftest.c >&5
configure:3003: $? = 0
configure:3024: result: o
configure:3028: checking whether we are using the GNU C compiler
configure:3047: gcc -c   conftest.c >&5
configure:3047: $? = 0
configure:3056: result: yes
configure:3065: checking whether gcc accepts -g
configure:3085: gcc -c -g  conftest.c >&5
configure:3085: $? = 0
configure:3126: result: yes
configure:3143: checking for gcc option to accept ISO C89
configure:3207: gcc  -c -g -O2  conftest.c >&5
configure:3207: $? = 0
configure:3220: result: none needed
configure:3246: checking how to run the C preprocessor
configure:3277: gcc -E  conftest.c
configure:3277: $? = 0
configure:3291: gcc -E  conftest.c
conftest.c:9:10: fatal error: 'ac_nonexistent.h' file not found
#include <ac_nonexistent.h>
         ^
1 error generated.
configure:3291: $? = 1
configure: failed program was:
| /* confdefs.h */
| #define PACKAGE_NAME ""
| #define PACKAGE_TARNAME ""
| #define PACKAGE_VERSION ""
| #define PACKAGE_STRING ""
| #define PACKAGE_BUGREPORT ""
| #define PACKAGE_URL ""
| /* end confdefs.h.  */
| #include <ac_nonexistent.h>
configure:3316: result: gcc -E
configure:3336: gcc -E  conftest.c
configure:3336: $? = 0
configure:3350: gcc -E  conftest.c
conftest.c:9:10: fatal error: 'ac_nonexistent.h' file not found
#include <ac_nonexistent.h>
         ^
1 error generated.
configure:3350: $? = 1
configure: failed program was:
| /* confdefs.h */
| #define PACKAGE_NAME ""
| #define PACKAGE_TARNAME ""
| #define PACKAGE_VERSION ""
| #define PACKAGE_STRING ""
| #define PACKAGE_BUGREPORT ""
| #define PACKAGE_URL ""
| /* end confdefs.h.  */
| #include <ac_nonexistent.h>
configure:3379: checking for grep that handles long lines and -e
configure:3437: result: /usr/bin/grep
configure:3442: checking for egrep
configure:3504: result: /usr/bin/grep -E
configure:3509: checking for ANSI C header files
configure:3529: gcc -c -g -O2  conftest.c >&5
configure:3529: $? = 0
configure:3602: gcc -o conftest -g -O2   conftest.c  >&5
configure:3602: $? = 0
configure:3602: ./conftest
configure:3602: $? = 0
configure:3613: result: yes
configure:3626: checking for sys/types.h
configure:3626: gcc -c -g -O2  conftest.c >&5
configure:3626: $? = 0
configure:3626: result: yes
configure:3626: checking for sys/stat.h
configure:3626: gcc -c -g -O2  conftest.c >&5
configure:3626: $? = 0
configure:3626: result: yes
configure:3626: checking for stdlib.h
configure:3626: gcc -c -g -O2  conftest.c >&5
configure:3626: $? = 0
configure:3626: result: yes
configure:3626: checking for string.h
configure:3626: gcc -c -g -O2  conftest.c >&5
configure:3626: $? = 0
configure:3626: result: yes
configure:3626: checking for memory.h
configure:3626: gcc -c -g -O2  conftest.c >&5
configure:3626: $? = 0
configure:3626: result: yes
configure:3626: checking for strings.h
configure:3626: gcc -c -g -O2  conftest.c >&5
configure:3626: $? = 0
configure:3626: result: yes
configure:3626: checking for inttypes.h
configure:3626: gcc -c -g -O2  conftest.c >&5
configure:3626: $? = 0
configure:3626: result: yes
configure:3626: checking for stdint.h
configure:3626: gcc -c -g -O2  conftest.c >&5
configure:3626: $? = 0
configure:3626: result: yes
configure:3626: checking for unistd.h
configure:3626: gcc -c -g -O2  conftest.c >&5
configure:3626: $? = 0
configure:3626: result: yes
configure:3639: checking minix/config.h usability
configure:3639: gcc -c -g -O2  conftest.c >&5
conftest.c:52:10: fatal error: 'minix/config.h' file not found
#include <minix/config.h>
         ^
1 error generated.
configure:3639: $? = 1
configure: failed program was:
| /* confdefs.h */
| #define PACKAGE_NAME ""
| #define PACKAGE_TARNAME ""
| #define PACKAGE_VERSION ""
| #define PACKAGE_STRING ""
| #define PACKAGE_BUGREPORT ""
| #define PACKAGE_URL ""
| #define STDC_HEADERS 1
| #define HAVE_SYS_TYPES_H 1
| #define HAVE_SYS_STAT_H 1
| #define HAVE_STDLIB_H 1
| #define HAVE_STRING_H 1
| #define HAVE_MEMORY_H 1
| #define HAVE_STRINGS_H 1
| #define HAVE_INTTYPES_H 1
| #define HAVE_STDINT_H 1
| #define HAVE_UNISTD_H 1
| /* end confdefs.h.  */
| #include <stdio.h>
| #ifdef HAVE_SYS_TYPES_H
| # include <sys/types.h>
| #endif
| #ifdef HAVE_SYS_STAT_H
| # include <sys/stat.h>
| #endif
| #ifdef STDC_HEADERS
| # include <stdlib.h>
| # include <stddef.h>
| #else
| # ifdef HAVE_STDLIB_H
| #  include <stdlib.h>
| # endif
| #endif
| #ifdef HAVE_STRING_H
| # if !defined STDC_HEADERS && defined HAVE_MEMORY_H
| #  include <memory.h>
| # endif
| # include <string.h>
| #endif
| #ifdef HAVE_STRINGS_H
| # include <strings.h>
| #endif
| #ifdef HAVE_INTTYPES_H
| # include <inttypes.h>
| #endif
| #ifdef HAVE_STDINT_H
| # include <stdint.h>
| #endif
| #ifdef HAVE_UNISTD_H
| # include <unistd.h>
| #endif
| #include <minix/config.h>
configure:3639: result: no
configure:3639: checking minix/config.h presence
configure:3639: gcc -E  conftest.c
conftest.c:19:10: fatal error: 'minix/config.h' file not found
#include <minix/config.h>
         ^
1 error generated.
configure:3639: $? = 1
configure: failed program was:
| /* confdefs.h */
| #define PACKAGE_NAME ""
| #define PACKAGE_TARNAME ""
| #define PACKAGE_VERSION ""
| #define PACKAGE_STRING ""
| #define PACKAGE_BUGREPORT ""
| #define PACKAGE_URL ""
| #define STDC_HEADERS 1
| #define HAVE_SYS_TYPES_H 1
| #define HAVE_SYS_STAT_H 1
| #define HAVE_STDLIB_H 1
| #define HAVE_STRING_H 1
| #define HAVE_MEMORY_H 1
| #define HAVE_STRINGS_H 1
| #define HAVE_INTTYPES_H 1
| #define HAVE_STDINT_H 1
| #define HAVE_UNISTD_H 1
| /* end confdefs.h.  */
| #include <minix/config.h>
configure:3639: result: no
configure:3639: checking for minix/config.h
configure:3639: result: no
configure:3660: checking whether it is safe to define __EXTENSIONS__
configure:3678: gcc -c -g -O2  conftest.c >&5
configure:3678: $? = 0
configure:3685: result: yes
configure:3811: checking build system type
configure:3825: result: i386-apple-darwin14.5.0
configure:3845: checking host system type
configure:3858: result: i386-apple-darwin14.5.0
configure:3878: checking target system type
configure:3891: result: i386-apple-darwin14.5.0
configure:3967: checking for gcc
configure:3994: result: gcc
configure:4223: checking for C compiler version
configure:4232: gcc --version >&5
Apple LLVM version 7.0.2 (clang-700.1.81)
Target: x86_64-apple-darwin14.5.0
Thread model: posix
Configured with: --prefix=/Applications/Xcode.app/Contents/Developer/usr --with-gxx-include-dir=/usr/include/c++/4.2.1
configure:4243: $? = 0
configure:4232: gcc -v >&5
Configured with: --prefix=/Applications/Xcode.app/Contents/Developer/usr --with-gxx-include-dir=/usr/include/c++/4.2.1
Apple LLVM version 7.0.2 (clang-700.1.81)
Target: x86_64-apple-darwin14.5.0
Thread model: posix
configure:4243: $? = 0
configure:4232: gcc -V >&5
clang: error: argument to '-V' is missing (expected 1 value)
clang: error: no input files
configure:4243: $? = 1
configure:4232: gcc -qversion >&5
clang: error: unknown argument: '-qversion'
clang: error: no input files
configure:4243: $? = 1
configure:4247: checking whether we are using the GNU C compiler
configure:4275: result: yes
configure:4284: checking whether gcc accepts -g
configure:4345: result: yes
configure:4362: checking for gcc option to accept ISO C89
configure:4439: result: none needed
configure:4517: checking for g++
configure:4533: found /usr/bin/g++
configure:4544: result: g++
configure:4571: checking for C++ compiler version
configure:4580: g++ --version >&5
Apple LLVM version 7.0.2 (clang-700.1.81)
Target: x86_64-apple-darwin14.5.0
Thread model: posix
Configured with: --prefix=/Applications/Xcode.app/Contents/Developer/usr --with-gxx-include-dir=/usr/include/c++/4.2.1
configure:4591: $? = 0
configure:4580: g++ -v >&5
Configured with: --prefix=/Applications/Xcode.app/Contents/Developer/usr --with-gxx-include-dir=/usr/include/c++/4.2.1
Apple LLVM version 7.0.2 (clang-700.1.81)
Target: x86_64-apple-darwin14.5.0
Thread model: posix
configure:4591: $? = 0
configure:4580: g++ -V >&5
clang: error: argument to '-V' is missing (expected 1 value)
clang: error: no input files
configure:4591: $? = 1
configure:4580: g++ -qversion >&5
clang: error: unknown argument: '-qversion'
clang: error: no input files
configure:4591: $? = 1
configure:4595: checking whether we are using the GNU C++ compiler
configure:4614: g++ -c   conftest.cpp >&5
configure:4614: $? = 0
configure:4623: result: yes
configure:4632: checking whether g++ accepts -g
configure:4652: g++ -c -g  conftest.cpp >&5
configure:4652: $? = 0
configure:4693: result: yes
configure:4716: checking for ANSI C header files
configure:4820: result: yes
configure:4830: checking for string.h
configure:4830: result: yes
configure:4850: checking for main in -lXbsd
configure:4869: gcc -o conftest -g -O2   conftest.c -lXbsd   >&5
ld: library not found for -lXbsd
clang: error: linker command failed with exit code 1 (use -v to see invocation)
configure:4869: $? = 1
configure: failed program was:
| /* confdefs.h */
| #define PACKAGE_NAME ""
| #define PACKAGE_TARNAME ""
| #define PACKAGE_VERSION ""
| #define PACKAGE_STRING ""
| #define PACKAGE_BUGREPORT ""
| #define PACKAGE_URL ""
| #define STDC_HEADERS 1
| #define HAVE_SYS_TYPES_H 1
| #define HAVE_SYS_STAT_H 1
| #define HAVE_STDLIB_H 1
| #define HAVE_STRING_H 1
| #define HAVE_MEMORY_H 1
| #define HAVE_STRINGS_H 1
| #define HAVE_INTTYPES_H 1
| #define HAVE_STDINT_H 1
| #define HAVE_UNISTD_H 1
| #define __EXTENSIONS__ 1
| #define _ALL_SOURCE 1
| #define _GNU_SOURCE 1
| #define _POSIX_PTHREAD_SEMANTICS 1
| #define _TANDEM_SOURCE 1
| #define STDC_HEADERS 1
| #define HAVE_STRING_H 1
| /* end confdefs.h.  */
| 
| 
| int
| main ()
| {
| return main ();
|   ;
|   return 0;
| }
configure:4878: result: no
configure:4884: checking for socket in -lsocket
configure:4909: gcc -o conftest -g -O2   conftest.c -lsocket   >&5
ld: library not found for -lsocket
clang: error: linker command failed with exit code 1 (use -v to see invocation)
configure:4909: $? = 1
configure: failed program was:
| /* confdefs.h */
| #define PACKAGE_NAME ""
| #define PACKAGE_TARNAME ""
| #define PACKAGE_VERSION ""
| #define PACKAGE_STRING ""
| #define PACKAGE_BUGREPORT ""
| #define PACKAGE_URL ""
| #define STDC_HEADERS 1
| #define HAVE_SYS_TYPES_H 1
| #define HAVE_SYS_STAT_H 1
| #define HAVE_STDLIB_H 1
| #define HAVE_STRING_H 1
| #define HAVE_MEMORY_H 1
| #define HAVE_STRINGS_H 1
| #define HAVE_INTTYPES_H 1
| #define HAVE_STDINT_H 1
| #define HAVE_UNISTD_H 1
| #define __EXTENSIONS__ 1
| #define _ALL_SOURCE 1
| #define _GNU_SOURCE 1
| #define _POSIX_PTHREAD_SEMANTICS 1
| #define _TANDEM_SOURCE 1
| #define STDC_HEADERS 1
| #define HAVE_STRING_H 1
| /* end confdefs.h.  */
| 
| /* Override any GCC internal prototype to avoid an error.
|    Use char because int might match the return type of a GCC
|    builtin and then its argument prototype would still apply.  */
| #ifdef __cplusplus
| extern "C"
| #endif
| char socket ();
| int
| main ()
| {
| return socket ();
|   ;
|   return 0;
| }
configure:4918: result: no
configure:4924: checking for gethostbyname in -lnsl
configure:4949: gcc -o conftest -g -O2   conftest.c -lnsl   >&5
ld: library not found for -lnsl
clang: error: linker command failed with exit code 1 (use -v to see invocation)
configure:4949: $? = 1
configure: failed program was:
| /* confdefs.h */
| #define PACKAGE_NAME ""
| #define PACKAGE_TARNAME ""
| #define PACKAGE_VERSION ""
| #define PACKAGE_STRING ""
| #define PACKAGE_BUGREPORT ""
| #define PACKAGE_URL ""
| #define STDC_HEADERS 1
| #define HAVE_SYS_TYPES_H 1
| #define HAVE_SYS_STAT_H 1
| #define HAVE_STDLIB_H 1
| #define HAVE_STRING_H 1
| #define HAVE_MEMORY_H 1
| #define HAVE_STRINGS_H 1
| #define HAVE_INTTYPES_H 1
| #define HAVE_STDINT_H 1
| #define HAVE_UNISTD_H 1
| #define __EXTENSIONS__ 1
| #define _ALL_SOURCE 1
| #define _GNU_SOURCE 1
| #define _POSIX_PTHREAD_SEMANTICS 1
| #define _TANDEM_SOURCE 1
| #define STDC_HEADERS 1
| #define HAVE_STRING_H 1
| /* end confdefs.h.  */
| 
| /* Override any GCC internal prototype to avoid an error.
|    Use char because int might match the return type of a GCC
|    builtin and then its argument prototype would still apply.  */
| #ifdef __cplusplus
| extern "C"
| #endif
| char gethostbyname ();
| int
| main ()
| {
| return gethostbyname ();
|   ;
|   return 0;
| }
configure:4958: result: no
configure:4964: checking for dcgettext in -lintl
configure:4989: gcc -o conftest -g -O2   conftest.c -lintl   >&5
ld: library not found for -lintl
clang: error: linker command failed with exit code 1 (use -v to see invocation)
configure:4989: $? = 1
configure: failed program was:
| /* confdefs.h */
| #define PACKAGE_NAME ""
| #define PACKAGE_TARNAME ""
| #define PACKAGE_VERSION ""
| #define PACKAGE_STRING ""
| #define PACKAGE_BUGREPORT ""
| #define PACKAGE_URL ""
| #define STDC_HEADERS 1
| #define HAVE_SYS_TYPES_H 1
| #define HAVE_SYS_STAT_H 1
| #define HAVE_STDLIB_H 1
| #define HAVE_STRING_H 1
| #define HAVE_MEMORY_H 1
| #define HAVE_STRINGS_H 1
| #define HAVE_INTTYPES_H 1
| #define HAVE_STDINT_H 1
| #define HAVE_UNISTD_H 1
| #define __EXTENSIONS__ 1
| #define _ALL_SOURCE 1
| #define _GNU_SOURCE 1
| #define _POSIX_PTHREAD_SEMANTICS 1
| #define _TANDEM_SOURCE 1
| #define STDC_HEADERS 1
| #define HAVE_STRING_H 1
| /* end confdefs.h.  */
| 
| /* Override any GCC internal prototype to avoid an error.
|    Use char because int might match the return type of a GCC
|    builtin and then its argument prototype would still apply.  */
| #ifdef __cplusplus
| extern "C"
| #endif
| char dcgettext ();
| int
| main ()
| {
| return dcgettext ();
|   ;
|   return 0;
| }
configure:4998: result: no
configure:5004: checking for getnodebyname in -ldnet_stub
configure:5029: gcc -o conftest -g -O2   conftest.c -ldnet_stub   >&5
ld: library not found for -ldnet_stub
clang: error: linker command failed with exit code 1 (use -v to see invocation)
configure:5029: $? = 1
configure: failed program was:
| /* confdefs.h */
| #define PACKAGE_NAME ""
| #define PACKAGE_TARNAME ""
| #define PACKAGE_VERSION ""
| #define PACKAGE_STRING ""
| #define PACKAGE_BUGREPORT ""
| #define PACKAGE_URL ""
| #define STDC_HEADERS 1
| #define HAVE_SYS_TYPES_H 1
| #define HAVE_SYS_STAT_H 1
| #define HAVE_STDLIB_H 1
| #define HAVE_STRING_H 1
| #define HAVE_MEMORY_H 1
| #define HAVE_STRINGS_H 1
| #define HAVE_INTTYPES_H 1
| #define HAVE_STDINT_H 1
| #define HAVE_UNISTD_H 1
| #define __EXTENSIONS__ 1
| #define _ALL_SOURCE 1
| #define _GNU_SOURCE 1
| #define _POSIX_PTHREAD_SEMANTICS 1
| #define _TANDEM_SOURCE 1
| #define STDC_HEADERS 1
| #define HAVE_STRING_H 1
| /* end confdefs.h.  */
| 
| /* Override any GCC internal prototype to avoid an error.
|    Use char because int might match the return type of a GCC
|    builtin and then its argument prototype would still apply.  */
| #ifdef __cplusplus
| extern "C"
| #endif
| char getnodebyname ();
| int
| main ()
| {
| return getnodebyname ();
|   ;
|   return 0;
| }
configure:5038: result: no
configure:5084: checking that g++ can handle -O2
configure:5105: gcc -c -g -O2  conftest.c >&5
conftest.c:32:3: error: use of undeclared identifier 'error'
                error
                ^
1 error generated.
configure:5105: $? = 1
configure: failed program was:
| /* confdefs.h */
| #define PACKAGE_NAME ""
| #define PACKAGE_TARNAME ""
| #define PACKAGE_VERSION ""
| #define PACKAGE_STRING ""
| #define PACKAGE_BUGREPORT ""
| #define PACKAGE_URL ""
| #define STDC_HEADERS 1
| #define HAVE_SYS_TYPES_H 1
| #define HAVE_SYS_STAT_H 1
| #define HAVE_STDLIB_H 1
| #define HAVE_STRING_H 1
| #define HAVE_MEMORY_H 1
| #define HAVE_STRINGS_H 1
| #define HAVE_INTTYPES_H 1
| #define HAVE_STDINT_H 1
| #define HAVE_UNISTD_H 1
| #define __EXTENSIONS__ 1
| #define _ALL_SOURCE 1
| #define _GNU_SOURCE 1
| #define _POSIX_PTHREAD_SEMANTICS 1
| #define _TANDEM_SOURCE 1
| #define STDC_HEADERS 1
| #define HAVE_STRING_H 1
| /* end confdefs.h.  */
| 
| int
| main ()
| {
| #if __GNUC__ < 2  || __GNUC_MINOR__ < 8
| 		/* gcc */
| 		error
| 		#endif
| 		#if __GNUC_MINOR__ < 92
| 		/* egcs */
| 		int error;
| 		#endif
| 
|   ;
|   return 0;
| }
configure:5111: result: no
configure:5226: checking if C++ libraries work without any namespace
configure:5242: g++ -c -g -O2  conftest.cpp >&5
conftest.cpp:31:1: error: use of undeclared identifier 'cout'; did you mean 'std::cout'?
cout.fail();
^~~~
std::cout
/Applications/Xcode.app/Contents/Developer/Toolchains/XcodeDefault.xctoolchain/usr/bin/../include/c++/v1/iostream:50:33: note: 'std::cout' declared here
extern _LIBCPP_FUNC_VIS ostream cout;
                                ^
1 error generated.
configure:5242: $? = 1
configure: failed program was:
| /* confdefs.h */
| #define PACKAGE_NAME ""
| #define PACKAGE_TARNAME ""
| #define PACKAGE_VERSION ""
| #define PACKAGE_STRING ""
| #define PACKAGE_BUGREPORT ""
| #define PACKAGE_URL ""
| #define STDC_HEADERS 1
| #define HAVE_SYS_TYPES_H 1
| #define HAVE_SYS_STAT_H 1
| #define HAVE_STDLIB_H 1
| #define HAVE_STRING_H 1
| #define HAVE_MEMORY_H 1
| #define HAVE_STRINGS_H 1
| #define HAVE_INTTYPES_H 1
| #define HAVE_STDINT_H 1
| #define HAVE_UNISTD_H 1
| #define __EXTENSIONS__ 1
| #define _ALL_SOURCE 1
| #define _GNU_SOURCE 1
| #define _POSIX_PTHREAD_SEMANTICS 1
| #define _TANDEM_SOURCE 1
| #define STDC_HEADERS 1
| #define HAVE_STRING_H 1
| /* end confdefs.h.  */
| #include <iostream>
| 
| int
| main ()
| {
| cout.fail();
| 
|   ;
|   return 0;
| }
configure:5248: result: no
configure:5256: checking if C++ libraries work with namespace std
configure:5272: g++ -c -g -O2  conftest.cpp >&5
configure:5272: $? = 0
configure:5273: result: yes
configure:5287: checking if STL works without any namespace
configure:5302: g++ -c -g -O2  conftest.cpp >&5
conftest.cpp:31:1: error: no template named 'list'; did you mean 'std::list'?
list<int> test;
^~~~
std::list
/Applications/Xcode.app/Contents/Developer/Toolchains/XcodeDefault.xctoolchain/usr/bin/../include/c++/v1/list:803:29: note: 'std::list' declared here
class _LIBCPP_TYPE_VIS_ONLY list
                            ^
1 error generated.
configure:5302: $? = 1
configure: failed program was:
| /* confdefs.h */
| #define PACKAGE_NAME ""
| #define PACKAGE_TARNAME ""
| #define PACKAGE_VERSION ""
| #define PACKAGE_STRING ""
| #define PACKAGE_BUGREPORT ""
| #define PACKAGE_URL ""
| #define STDC_HEADERS 1
| #define HAVE_SYS_TYPES_H 1
| #define HAVE_SYS_STAT_H 1
| #define HAVE_STDLIB_H 1
| #define HAVE_STRING_H 1
| #define HAVE_MEMORY_H 1
| #define HAVE_STRINGS_H 1
| #define HAVE_INTTYPES_H 1
| #define HAVE_STDINT_H 1
| #define HAVE_UNISTD_H 1
| #define __EXTENSIONS__ 1
| #define _ALL_SOURCE 1
| #define _GNU_SOURCE 1
| #define _POSIX_PTHREAD_SEMANTICS 1
| #define _TANDEM_SOURCE 1
| #define STDC_HEADERS 1
| #define HAVE_STRING_H 1
| /* end confdefs.h.  */
| #include <list>
| 
| int
| main ()
| {
| list<int> test;
| 
|   ;
|   return 0;
| }
configure:5308: result: no
configure:5316: checking if STL works with namespace std
configure:5332: g++ -c -g -O2  conftest.cpp >&5
configure:5332: $? = 0
configure:5333: result: yes
configure:5383: checking should use STL
configure:5407: result: yes
configure:5653: checking for tcl.h
configure:5704: result: -I/usr/include
configure:5710: checking for tclInt.h
configure:5746: result: no
configure:5767: checking for libtcl8.5
configure:5829: result: -L/usr/lib -ltcl8.5
configure:5835: checking for init.tcl
configure:5866: result: no
configure:5890: checking for http.tcl
configure:5921: result: no
configure:5932: checking Tcl http.tcl library
configure:5939: error: Couldn't find http.tcl in  	 	/http 	/http2.5 	/http2.4 	/http2.3 	/http2.1 	/http2.0 	/http1.0 	

## ---------------- ##
## Cache variables. ##
## ---------------- ##

ac_cv_build=i386-apple-darwin14.5.0
ac_cv_c_compiler_gnu=yes
ac_cv_cxx_compiler_gnu=yes
ac_cv_env_CCC_set=
ac_cv_env_CCC_value=
ac_cv_env_CC_set=
ac_cv_env_CC_value=
ac_cv_env_CFLAGS_set=
ac_cv_env_CFLAGS_value=
ac_cv_env_CPPFLAGS_set=
ac_cv_env_CPPFLAGS_value=
ac_cv_env_CPP_set=
ac_cv_env_CPP_value=
ac_cv_env_CXXFLAGS_set=
ac_cv_env_CXXFLAGS_value=
ac_cv_env_CXX_set=
ac_cv_env_CXX_value=
ac_cv_env_LDFLAGS_set=
ac_cv_env_LDFLAGS_value=
ac_cv_env_LIBS_set=
ac_cv_env_LIBS_value=
ac_cv_env_build_alias_set=
ac_cv_env_build_alias_value=
ac_cv_env_host_alias_set=
ac_cv_env_host_alias_value=
ac_cv_env_target_alias_set=
ac_cv_env_target_alias_value=
ac_cv_header_inttypes_h=yes
ac_cv_header_memory_h=yes
ac_cv_header_minix_config_h=no
ac_cv_header_stdc=yes
ac_cv_header_stdint_h=yes
ac_cv_header_stdlib_h=yes
ac_cv_header_string_h=yes
ac_cv_header_strings_h=yes
ac_cv_header_sys_stat_h=yes
ac_cv_header_sys_types_h=yes
ac_cv_header_unistd_h=yes
ac_cv_host=i386-apple-darwin14.5.0
ac_cv_lib_Xbsd_main=no
ac_cv_lib_dnet_stub_getnodebyname=no
ac_cv_lib_intl_dcgettext=no
ac_cv_lib_nsl_gethostbyname=no
ac_cv_lib_socket_socket=no
ac_cv_objext=o
ac_cv_path_EGREP='/usr/bin/grep -E'
ac_cv_path_GREP=/usr/bin/grep
ac_cv_prog_CPP='gcc -E'
ac_cv_prog_ac_ct_CC=gcc
ac_cv_prog_ac_ct_CXX=g++
ac_cv_prog_cc_c89=
ac_cv_prog_cc_g=yes
ac_cv_prog_cxx_g=yes
ac_cv_safe_to_define___extensions__=yes
ac_cv_target=i386-apple-darwin14.5.0

## ----------------- ##
## Output variables. ##
## ----------------- ##

CC='gcc'
CFLAGS='-g -O2'
CPP='gcc -E'
CPPFLAGS=''
CPP_NAMESPACE='std'
CXX='g++'
CXXFLAGS='-g -O2'
DEFS=''
DL_LD_FLAGS=''
DL_LD_SEARCH_FLAGS=''
DL_LIBS=''
ECHO_C='\c'
ECHO_N=''
ECHO_T=''
EGREP='/usr/bin/grep -E'
EXEEXT=''
GREP='/usr/bin/grep'
INSTALL_DATA=''
INSTALL_PROGRAM=''
INSTALL_SCRIPT=''
LDFLAGS=''
LIBOBJS=''
LIBS=''
LTLIBOBJS=''
NSLIB=''
OBJEXT='o'
PACKAGE_BUGREPORT=''
PACKAGE_NAME=''
PACKAGE_STRING=''
PACKAGE_TARNAME=''
PACKAGE_URL=''
PACKAGE_VERSION=''
PATH_SEPARATOR=':'
PERL=''
PKG_SHLIB_CFLAGS=''
SHELL='/bin/sh'
SHLIB_CFLAGS=''
SHLIB_LD=''
SHLIB_LD_LIBS=''
SHLIB_SUFFIX=''
V_ALL=''
V_AR='ar cr'
V_BROKEN_OBJ='strtol.o strtoul.o'
V_CCOPT=' -Wall -Wno-write-strings'
V_DEFINE=' -DNDEBUG'
V_DEFINES='-DHAVE_LIBTCL8_5 -DHAVE_TCL_H '
V_IMPORT_LIBS=''
V_INCLUDE=''
V_INCLUDES='-I/usr/include '
V_INCLUDE_X11=''
V_LIB=''
V_LIBRARY_TCL=''
V_LIBRARY_TK=''
V_LIBS='-L/usr/lib -ltcl8.5 '
V_LIB_OTCL=''
V_LIB_TCL='-L/usr/lib -ltcl8.5'
V_LIB_TCLCL=''
V_LIB_TK=''
V_LIB_X11=''
V_LSSCRIPT=''
V_NS_TCL_LIB_STL='$(NS_TCL_LIB_STL)'
V_OBJ=''
V_OBJ_CRYPT=''
V_RANLIB='ranlib'
V_SHELL=''
V_SIGRET='void'
V_STATIC=''
V_STLOBJ='$(OBJ_STL)'
V_TARCMD='tar cfh'
V_TAR_EXTRA=''
V_TAR_TARGET=''
V_TCL2CPP=''
V_TCLSH=''
V_TCL_LIBRARY_FILES=''
V_TKDOSNAMES=''
ac_ct_CC='gcc'
ac_ct_CXX='g++'
bindir='${exec_prefix}/bin'
build='i386-apple-darwin14.5.0'
build_alias=''
build_cpu='i386'
build_nse=''
build_os='darwin14.5.0'
build_vendor='apple'
datadir='${datarootdir}'
datarootdir='${prefix}/share'
docdir='${datarootdir}/doc/${PACKAGE}'
dvidir='${docdir}'
exec_prefix='NONE'
host='i386-apple-darwin14.5.0'
host_alias=''
host_cpu='i386'
host_os='darwin14.5.0'
host_vendor='apple'
htmldir='${docdir}'
includedir='${prefix}/include'
infodir='${datarootdir}/info'
libdir='${exec_prefix}/lib'
libexecdir='${exec_prefix}/libexec'
localedir='${datarootdir}/locale'
localstatedir='${prefix}/var'
mandir='${datarootdir}/man'
oldincludedir='/usr/include'
pdfdir='${docdir}'
prefix='NONE'
program_transform_name='s,x,x,'
psdir='${docdir}'
sbindir='${exec_prefix}/sbin'
sharedstatedir='${prefix}/com'
sysconfdir='${prefix}/etc'
target='i386-apple-darwin14.5.0'
target_alias=''
target_cpu='i386'
target_os='darwin14.5.0'
target_vendor='apple'

## ----------- ##
## confdefs.h. ##
## ----------- ##

/* confdefs.h */
#define PACKAGE_NAME ""
#define PACKAGE_TARNAME ""
#define PACKAGE_VERSION ""
#define PACKAGE_STRING ""
#define PACKAGE_BUGREPORT ""
#define PACKAGE_URL ""
#define STDC_HEADERS 1
#define HAVE_SYS_TYPES_H 1
#define HAVE_SYS_STAT_H 1
#define HAVE_STDLIB_H 1
#define HAVE_STRING_H 1
#define HAVE_MEMORY_H 1
#define HAVE_STRINGS_H 1
#define HAVE_INTTYPES_H 1
#define HAVE_STDINT_H 1
#define HAVE_UNISTD_H 1
#define __EXTENSIONS__ 1
#define _ALL_SOURCE 1
#define _GNU_SOURCE 1
#define _POSIX_PTHREAD_SEMANTICS 1
#define _TANDEM_SOURCE 1
#define STDC_HEADERS 1
#define HAVE_STRING_H 1
#define HAVE_STL 1
#define CPP_REQUIRES_NAMESPACE 1
#define HAVE_TCL_H 1
#define HAVE_LIBTCL8_5 1

configure: exit 1
